<?xml version="1.0" encoding="UTF-8"?>
<!-- Generated by org.testng.reporters.JUnitReportReporter -->
<testsuite hostname="LAPTOP-I7ABQCRR" failures="0" tests="2" name="hrm.testscripts.TC002" time="15.324" errors="0" timestamp="2021-02-25T11:55:21 IST" skipped="0">
  <testcase classname="hrm.testscripts.TC002" name="verifyHRMLogin" time="5.838"/>
  <system-out>
Verified HRMLogin  </system-out>
  <testcase classname="hrm.testscripts.TC002" name="verifyHRMAddEmplyee" time="9.486"/>
  <system-out>
Add HRM Empolyee Functionality Verified  </system-out>
</testsuite> <!-- hrm.testscripts.TC002 -->
